# JRE version: OpenJDK Runtime Environment (21.0.10) (build 21.0.10+-14961533-b1163.108)
# Java VM: OpenJDK 64-Bit Server VM (21.0.10+-14961533-b1163.108, mixed mode, tiered, compressed oops, compressed class ptrs, g1 gc, windows-amd64)
GC Precious Log:
 CardTable entry size: 512
 Card Set container configuration: InlinePtr #cards 5 size 8 Array Of Cards #cards 12 size 40 Howl #buckets 4 coarsen threshold 1843 Howl Bitmap #cards 512 size 80 coarsen threshold 460 Card regions per heap region 1 cards per card region 2048
 CPUs: 2 total, 2 available
 Memory: 3460M
 Large Page Support: Disabled
 NUMA Support: Disabled
 Compressed Oops: Enabled (32-bit)
 Heap Region Size: 1M
 Heap Min Capacity: 8M
 Heap Initial Capacity: 56M
 Heap Max Capacity: 2G
 Pre-touch: Disabled
 Parallel Workers: 2
 Concurrent Workers: 1
 Concurrent Refinement Workers: 2
 Periodic GC: Disabled
Heap:
 garbage-first heap   total 325632K, used 203264K [0x0000000080000000, 0x0000000100000000)
  region size 1024K, 4 young (4096K), 4 survivors (4096K)
 Metaspace       used 189033K, committed 190976K, reserved 1245184K
  class space    used 25610K, committed 26560K, reserved 1048576K
GC Heap History (20 events):
Event: 8902.001 GC heap after
{Heap after GC invocations=85 (full 0):
 garbage-first heap   total 325632K, used 177848K [0x0000000080000000, 0x0000000100000000)
  region size 1024K, 2 young (2048K), 2 survivors (2048K)
 Metaspace       used 186487K, committed 188352K, reserved 1245184K
  class space    used 25309K, committed 26240K, reserved 1048576K
}
Event: 8904.904 GC heap before
{Heap before GC invocations=85 (full 0):
 garbage-first heap   total 325632K, used 191160K [0x0000000080000000, 0x0000000100000000)
  region size 1024K, 15 young (15360K), 2 survivors (2048K)
 Metaspace       used 186867K, committed 188736K, reserved 1245184K
  class space    used 25374K, committed 26304K, reserved 1048576K
}
Event: 8904.967 GC heap after
{Heap after GC invocations=86 (full 0):
 garbage-first heap   total 325632K, used 179016K [0x0000000080000000, 0x0000000100000000)
  region size 1024K, 2 young (2048K), 2 survivors (2048K)
 Metaspace       used 186867K, committed 188736K, reserved 1245184K
  class space    used 25374K, committed 26304K, reserved 1048576K
}
Event: 8906.295 GC heap before
{Heap before GC invocations=86 (full 0):
 garbage-first heap   total 325632K, used 192328K [0x0000000080000000, 0x0000000100000000)
  region size 1024K, 15 young (15360K), 2 survivors (2048K)
 Metaspace       used 187132K, committed 189056K, reserved 1245184K
  class space    used 25414K, committed 26368K, reserved 1048576K
}
Event: 8906.369 GC heap after
{Heap after GC invocations=87 (full 0):
 garbage-first heap   total 325632K, used 179926K [0x0000000080000000, 0x0000000100000000)
  region size 1024K, 2 young (2048K), 2 survivors (2048K)
 Metaspace       used 187132K, committed 189056K, reserved 1245184K
  class space    used 25414K, committed 26368K, reserved 1048576K
}
Event: 8911.145 GC heap before
{Heap before GC invocations=87 (full 0):
 garbage-first heap   total 325632K, used 205526K [0x0000000080000000, 0x0000000100000000)
  region size 1024K, 29 young (29696K), 2 survivors (2048K)
 Metaspace       used 188627K, committed 190592K, reserved 1245184K
  class space    used 25612K, committed 26560K, reserved 1048576K
}
Event: 8911.187 GC heap after
{Heap after GC invocations=88 (full 0):
 garbage-first heap   total 325632K, used 181188K [0x0000000080000000, 0x0000000100000000)
  region size 1024K, 4 young (4096K), 4 survivors (4096K)
 Metaspace       used 188627K, committed 190592K, reserved 1245184K
  class space    used 25612K, committed 26560K, reserved 1048576K
}
Event: 8915.912 GC heap before
{Heap before GC invocations=88 (full 0):
 garbage-first heap   total 325632K, used 193476K [0x0000000080000000, 0x0000000100000000)
  region size 1024K, 15 young (15360K), 4 survivors (4096K)
 Metaspace       used 188672K, committed 190784K, reserved 1245184K
  class space    used 25593K, committed 26560K, reserved 1048576K
}
Event: 8915.980 GC heap after
{Heap after GC invocations=89 (full 0):
 garbage-first heap   total 325632K, used 185082K [0x0000000080000000, 0x0000000100000000)
  region size 1024K, 2 young (2048K), 2 survivors (2048K)
 Metaspace       used 188672K, committed 190784K, reserved 1245184K
  class space    used 25593K, committed 26560K, reserved 1048576K
}
Event: 8916.625 GC heap before
{Heap before GC invocations=90 (full 0):
 garbage-first heap   total 325632K, used 197370K [0x0000000080000000, 0x0000000100000000)
  region size 1024K, 15 young (15360K), 2 survivors (2048K)
 Metaspace       used 188810K, committed 190784K, reserved 1245184K
  class space    used 25606K, committed 26560K, reserved 1048576K
}
Event: 8916.667 GC heap after
{Heap after GC invocations=91 (full 0):
 garbage-first heap   total 325632K, used 188416K [0x0000000080000000, 0x0000000100000000)
  region size 1024K, 2 young (2048K), 2 survivors (2048K)
 Metaspace       used 188810K, committed 190784K, reserved 1245184K
  class space    used 25606K, committed 26560K, reserved 1048576K
}
Event: 8918.715 GC heap before
{Heap before GC invocations=91 (full 0):
 garbage-first heap   total 325632K, used 207872K [0x0000000080000000, 0x0000000100000000)
  region size 1024K, 21 young (21504K), 2 survivors (2048K)
 Metaspace       used 188914K, committed 190912K, reserved 1245184K
  class space    used 25607K, committed 26560K, reserved 1048576K
}
Event: 8918.754 GC heap after
{Heap after GC invocations=92 (full 0):
 garbage-first heap   total 325632K, used 190464K [0x0000000080000000, 0x0000000100000000)
  region size 1024K, 3 young (3072K), 3 survivors (3072K)
 Metaspace       used 188914K, committed 190912K, reserved 1245184K
  class space    used 25607K, committed 26560K, reserved 1048576K
}
Event: 8919.219 GC heap before
{Heap before GC invocations=92 (full 0):
 garbage-first heap   total 325632K, used 202752K [0x0000000080000000, 0x0000000100000000)
  region size 1024K, 15 young (15360K), 3 survivors (3072K)
 Metaspace       used 188995K, committed 190912K, reserved 1245184K
  class space    used 25609K, committed 26560K, reserved 1048576K
}
Event: 8919.252 GC heap after
{Heap after GC invocations=93 (full 0):
 garbage-first heap   total 325632K, used 191384K [0x0000000080000000, 0x0000000100000000)
  region size 1024K, 2 young (2048K), 2 survivors (2048K)
 Metaspace       used 188995K, committed 190912K, reserved 1245184K
  class space    used 25609K, committed 26560K, reserved 1048576K
}
Event: 8920.065 GC heap before
{Heap before GC invocations=93 (full 0):
 garbage-first heap   total 325632K, used 210840K [0x0000000080000000, 0x0000000100000000)
  region size 1024K, 21 young (21504K), 2 survivors (2048K)
 Metaspace       used 189012K, committed 190912K, reserved 1245184K
  class space    used 25609K, committed 26560K, reserved 1048576K
}
Event: 8920.106 GC heap after
{Heap after GC invocations=94 (full 0):
 garbage-first heap   total 325632K, used 194560K [0x0000000080000000, 0x0000000100000000)
  region size 1024K, 3 young (3072K), 3 survivors (3072K)
 Metaspace       used 189012K, committed 190912K, reserved 1245184K
  class space    used 25609K, committed 26560K, reserved 1048576K
}
Event: 8920.239 GC heap before
{Heap before GC invocations=94 (full 0):
 garbage-first heap   total 325632K, used 215040K [0x0000000080000000, 0x0000000100000000)
  region size 1024K, 24 young (24576K), 3 survivors (3072K)
 Metaspace       used 189014K, committed 190912K, reserved 1245184K
  class space    used 25609K, committed 26560K, reserved 1048576K
}
Event: 8920.295 GC heap after
{Heap after GC invocations=95 (full 0):
 garbage-first heap   total 325632K, used 198656K [0x0000000080000000, 0x0000000100000000)
  region size 1024K, 3 young (3072K), 3 survivors (3072K)
 Metaspace       used 189014K, committed 190912K, reserved 1245184K
  class space    used 25609K, committed 26560K, reserved 1048576K
}
Event: 8920.570 GC heap before
{Heap before GC invocations=95 (full 0):
 garbage-first heap   total 325632K, used 225280K [0x0000000080000000, 0x0000000100000000)
  region size 1024K, 30 young (30720K), 3 survivors (3072K)
 Metaspace       used 189033K, committed 190976K, reserved 1245184K
  class space    used 25610K, committed 26560K, reserved 1048576K
}

