# JRE version: OpenJDK Runtime Environment (21.0.10) (build 21.0.10+-14961533-b1163.108)
# Java VM: OpenJDK 64-Bit Server VM (21.0.10+-14961533-b1163.108, mixed mode, tiered, compressed oops, compressed class ptrs, g1 gc, windows-amd64)
GC Precious Log:
 CardTable entry size: 512
 Card Set container configuration: InlinePtr #cards 5 size 8 Array Of Cards #cards 12 size 40 Howl #buckets 4 coarsen threshold 1843 Howl Bitmap #cards 512 size 80 coarsen threshold 460 Card regions per heap region 1 cards per card region 2048
 CPUs: 2 total, 2 available
 Memory: 3460M
 Large Page Support: Disabled
 NUMA Support: Disabled
 Compressed Oops: Enabled (32-bit)
 Heap Region Size: 1M
 Heap Min Capacity: 8M
 Heap Initial Capacity: 56M
 Heap Max Capacity: 2G
 Pre-touch: Disabled
 Parallel Workers: 2
 Concurrent Workers: 1
 Concurrent Refinement Workers: 2
 Periodic GC: Disabled
Heap:
 garbage-first heap   total 358400K, used 221184K [0x0000000080000000, 0x0000000100000000)
  region size 1024K, 4 young (4096K), 4 survivors (4096K)
 Metaspace       used 113551K, committed 115648K, reserved 1179648K
  class space    used 15647K, committed 16704K, reserved 1048576K
GC Heap History (20 events):
Event: 33.749 GC heap after
{Heap after GC invocations=43 (full 0):
 garbage-first heap   total 335872K, used 130560K [0x0000000080000000, 0x0000000100000000)
  region size 1024K, 6 young (6144K), 6 survivors (6144K)
 Metaspace       used 85596K, committed 87552K, reserved 1179648K
  class space    used 11754K, committed 12736K, reserved 1048576K
}
Event: 39.832 GC heap before
{Heap before GC invocations=43 (full 0):
 garbage-first heap   total 335872K, used 261632K [0x0000000080000000, 0x0000000100000000)
  region size 1024K, 129 young (132096K), 6 survivors (6144K)
 Metaspace       used 98885K, committed 100928K, reserved 1179648K
  class space    used 13590K, committed 14592K, reserved 1048576K
}
Event: 39.896 GC heap after
{Heap after GC invocations=44 (full 0):
 garbage-first heap   total 335872K, used 150016K [0x0000000080000000, 0x0000000100000000)
  region size 1024K, 17 young (17408K), 17 survivors (17408K)
 Metaspace       used 98885K, committed 100928K, reserved 1179648K
  class space    used 13590K, committed 14592K, reserved 1048576K
}
Event: 46.176 GC heap before
{Heap before GC invocations=44 (full 0):
 garbage-first heap   total 335872K, used 286208K [0x0000000080000000, 0x0000000100000000)
  region size 1024K, 133 young (136192K), 17 survivors (17408K)
 Metaspace       used 107014K, committed 109056K, reserved 1179648K
  class space    used 14779K, committed 15808K, reserved 1048576K
}
Event: 46.255 GC heap after
{Heap after GC invocations=45 (full 0):
 garbage-first heap   total 335872K, used 167424K [0x0000000080000000, 0x0000000100000000)
  region size 1024K, 15 young (15360K), 15 survivors (15360K)
 Metaspace       used 107014K, committed 109056K, reserved 1179648K
  class space    used 14779K, committed 15808K, reserved 1048576K
}
Event: 48.939 GC heap before
{Heap before GC invocations=45 (full 0):
 garbage-first heap   total 335872K, used 279040K [0x0000000080000000, 0x0000000100000000)
  region size 1024K, 125 young (128000K), 15 survivors (15360K)
 Metaspace       used 108500K, committed 110592K, reserved 1179648K
  class space    used 14985K, committed 16000K, reserved 1048576K
}
Event: 48.985 GC heap after
{Heap after GC invocations=46 (full 0):
 garbage-first heap   total 335872K, used 177152K [0x0000000080000000, 0x0000000100000000)
  region size 1024K, 11 young (11264K), 11 survivors (11264K)
 Metaspace       used 108500K, committed 110592K, reserved 1179648K
  class space    used 14985K, committed 16000K, reserved 1048576K
}
Event: 49.247 GC heap before
{Heap before GC invocations=46 (full 0):
 garbage-first heap   total 335872K, used 286720K [0x0000000080000000, 0x0000000100000000)
  region size 1024K, 119 young (121856K), 11 survivors (11264K)
 Metaspace       used 108672K, committed 110720K, reserved 1179648K
  class space    used 14991K, committed 16000K, reserved 1048576K
}
Event: 49.300 GC heap after
{Heap after GC invocations=47 (full 0):
 garbage-first heap   total 335872K, used 178176K [0x0000000080000000, 0x0000000100000000)
  region size 1024K, 2 young (2048K), 2 survivors (2048K)
 Metaspace       used 108672K, committed 110720K, reserved 1179648K
  class space    used 14991K, committed 16000K, reserved 1048576K
}
Event: 49.557 GC heap before
{Heap before GC invocations=47 (full 0):
 garbage-first heap   total 335872K, used 263168K [0x0000000080000000, 0x0000000100000000)
  region size 1024K, 87 young (89088K), 2 survivors (2048K)
 Metaspace       used 108691K, committed 110720K, reserved 1179648K
  class space    used 14991K, committed 16000K, reserved 1048576K
}
Event: 49.563 GC heap after
{Heap after GC invocations=48 (full 0):
 garbage-first heap   total 335872K, used 177661K [0x0000000080000000, 0x0000000100000000)
  region size 1024K, 1 young (1024K), 1 survivors (1024K)
 Metaspace       used 108691K, committed 110720K, reserved 1179648K
  class space    used 14991K, committed 16000K, reserved 1048576K
}
Event: 56.184 GC heap before
{Heap before GC invocations=49 (full 0):
 garbage-first heap   total 335872K, used 302589K [0x0000000080000000, 0x0000000100000000)
  region size 1024K, 121 young (123904K), 1 survivors (1024K)
 Metaspace       used 111438K, committed 113472K, reserved 1179648K
  class space    used 15384K, committed 16448K, reserved 1048576K
}
Event: 56.210 GC heap after
{Heap after GC invocations=50 (full 0):
 garbage-first heap   total 335872K, used 181248K [0x0000000080000000, 0x0000000100000000)
  region size 1024K, 9 young (9216K), 9 survivors (9216K)
 Metaspace       used 111438K, committed 113472K, reserved 1179648K
  class space    used 15384K, committed 16448K, reserved 1048576K
}
Event: 61.726 GC heap before
{Heap before GC invocations=50 (full 0):
 garbage-first heap   total 335872K, used 333824K [0x0000000080000000, 0x0000000100000000)
  region size 1024K, 118 young (120832K), 9 survivors (9216K)
 Metaspace       used 113268K, committed 115392K, reserved 1179648K
  class space    used 15633K, committed 16704K, reserved 1048576K
}
Event: 61.903 GC heap after
{Heap after GC invocations=51 (full 0):
 garbage-first heap   total 358400K, used 194560K [0x0000000080000000, 0x0000000100000000)
  region size 1024K, 16 young (16384K), 16 survivors (16384K)
 Metaspace       used 113268K, committed 115392K, reserved 1179648K
  class space    used 15633K, committed 16704K, reserved 1048576K
}
Event: 63.848 GC heap before
{Heap before GC invocations=51 (full 0):
 garbage-first heap   total 358400K, used 218112K [0x0000000080000000, 0x0000000100000000)
  region size 1024K, 40 young (40960K), 16 survivors (16384K)
 Metaspace       used 113279K, committed 115392K, reserved 1179648K
  class space    used 15633K, committed 16704K, reserved 1048576K
}
Event: 63.905 GC heap after
{Heap after GC invocations=52 (full 0):
 garbage-first heap   total 358400K, used 202752K [0x0000000080000000, 0x0000000100000000)
  region size 1024K, 9 young (9216K), 9 survivors (9216K)
 Metaspace       used 113279K, committed 115392K, reserved 1179648K
  class space    used 15633K, committed 16704K, reserved 1048576K
}
Event: 69.942 GC heap before
{Heap before GC invocations=53 (full 0):
 garbage-first heap   total 358400K, used 287744K [0x0000000080000000, 0x0000000100000000)
  region size 1024K, 119 young (121856K), 9 survivors (9216K)
 Metaspace       used 113551K, committed 115648K, reserved 1179648K
  class space    used 15647K, committed 16704K, reserved 1048576K
}
Event: 71.265 GC heap after
{Heap after GC invocations=54 (full 0):
 garbage-first heap   total 358400K, used 227840K [0x0000000080000000, 0x0000000100000000)
  region size 1024K, 15 young (15360K), 15 survivors (15360K)
 Metaspace       used 113551K, committed 115648K, reserved 1179648K
  class space    used 15647K, committed 16704K, reserved 1048576K
}
Event: 71.634 GC heap before
{Heap before GC invocations=54 (full 0):
 garbage-first heap   total 358400K, used 242176K [0x0000000080000000, 0x0000000100000000)
  region size 1024K, 29 young (29696K), 15 survivors (15360K)
 Metaspace       used 113551K, committed 115648K, reserved 1179648K
  class space    used 15647K, committed 16704K, reserved 1048576K
}

